<?xml version="1.0" encoding="UTF-8"?>
<testsuite xmlns:xsi="http://www.w3.org/2001/XMLSchema-instance" xsi:noNamespaceSchemaLocation="https://maven.apache.org/surefire/maven-surefire-plugin/xsd/surefire-test-report.xsd" name="com.hiberus.university.runner.CucumberRunnerTest" time="76.445" tests="14" errors="1" skipped="0" failures="0">
  <properties>
[...]
</properties>
  <testcase name="The user have a success order" classname="Validate checkout test suite" time="13.721">
    <error message="Cannot invoke &quot;org.openqa.selenium.WebElement.isDisplayed()&quot; because &quot;element&quot; is null" type="java.lang.NullPointerException">java.lang.NullPointerException: Cannot invoke "org.openqa.selenium.WebElement.isDisplayed()" because "element" is null
</error>
    <system-err><![CDATA[[main] INFO com.hiberus.university.support.Hooks - starting The user have a success order
[main] INFO io.github.bonigarcia.wdm.WebDriverManager - Using chromedriver 102.0.5005.61 (resolved driver for Chrome 102)
[main] INFO io.github.bonigarcia.wdm.WebDriverManager - Exporting webdriver.chrome.driver as C:\Users\kathe\.cache\selenium\chromedriver\win32\102.0.5005.61\chromedriver.exe
Starting ChromeDriver 102.0.5005.61 (0e59bcc00cc4985ce39ad31c150065f159d95ad3-refs/branch-heads/5005@{#819}) on port 11059
Only local connections are allowed.
Please see https://chromedriver.chromium.org/security-considerations for suggestions on keeping ChromeDriver safe.
ChromeDriver was started successfully.
jun 09, 2022 9:20:08 P. M. org.openqa.selenium.remote.ProtocolHandshake createSession
INFO: Detected dialect: W3C
[main] INFO com.hiberus.university.stepdefs.LoginPageSteps - The user is on the login page
[main] INFO com.hiberus.university.stepdefs.LaptopsInventoryPageSteps - The user should be shown an success message
[main] INFO com.hiberus.university.support.Hooks - ending testThe user have a success order
[main] INFO com.hiberus.university.support.Hooks - The user have a success order is Failed
[main] INFO com.hiberus.university.support.Hooks - This is an Info
]]></system-err>
  </testcase>
  <testcase name="validate inventory list size" classname="Validate Inventory test suite" time="5.554"/>
  <testcase name="validate exist &quot;&lt;laptop&gt;&quot; in inventory list" classname="Validate Inventory test suite" time="5.62"/>
  <testcase name="Add a random laptop in the shopping cart" classname="Validate Inventory test suite" time="5.749"/>
  <testcase name="The user is in the checkout page" classname="Validate Inventory test suite" time="13.72"/>
  <testcase name="Verify valid user can login" classname="Login test suite" time="3.489"/>
  <testcase name="Verify valid user with incorrect password cannot login" classname="Login test suite" time="3.104"/>
  <testcase name="Verify that the user can recover password" classname="Login test suite" time="3.616"/>
  <testcase name="Verify that the user is register successfully" classname="Register test suite" time="5.089"/>
  <testcase name="Verify the error message if any field of the form is empty" classname="Register test suite" time="3.602"/>
  <testcase name="Verify alert when E-mail is already registered" classname="Register test suite" time="3.519"/>
  <testcase name="Verify the alert if password doesnt match with the password confirmation" classname="Register test suite" time="3.177"/>
  <testcase name="Verify alert when Email is incorrect written" classname="Register test suite" time="3.069"/>
  <testcase name="Verify the warning when the user must agree to the privacy policy" classname="Register test suite" time="2.945"/>
</testsuite>