<?xml version="1.0" encoding="UTF-8"?>
<testsuite xmlns:xsi="http://www.w3.org/2001/XMLSchema-instance" xsi:noNamespaceSchemaLocation="https://maven.apache.org/surefire/maven-surefire-plugin/xsd/surefire-test-report.xsd" name="com.hiberusuniversity.openCart.runner.CucumberRunnerTest" time="168.828" tests="16" errors="3" skipped="0" failures="0">
  <properties>
[...]
</properties>
  <testcase name="the user adds two products to the cart" classname="cart test suite" time="11.437"/>
  <testcase name="the user adds two products to the cart and removes one" classname="cart test suite" time="9.734"/>
  <testcase name="the user adds one product to the cart and updates his quantity" classname="cart test suite" time="9.751"/>
  <testcase name="the price of the product in the cart is correct" classname="cart test suite" time="8.843"/>
  <testcase name="the user buys two products with already created address" classname="checkout test suite" time="10.438">
    <error message="Element &lt;input id=&quot;input-email&quot; class=&quot;form-control&quot; name=&quot;email&quot; type=&quot;text&quot;&gt; could not be scrolled into view&#10;Build info: version: &apos;3.141.59&apos;, revision: &apos;e82be7d358&apos;, time: &apos;2018-11-14T08:17:03&apos;&#10;System info: host: &apos;DESKTOP-I6VLM93&apos;, ip: &apos;172.16.4.23&apos;, os.name: &apos;Windows 10&apos;, os.arch: &apos;x86&apos;, os.version: &apos;10.0&apos;, java.version: &apos;1.8.0_321&apos;&#10;Driver info: org.openqa.selenium.firefox.FirefoxDriver&#10;Capabilities {acceptInsecureCerts: true, browserName: firefox, browserVersion: 98.0.1, javascriptEnabled: true, moz:accessibilityChecks: false, moz:buildID: 20220313140707, moz:geckodriverVersion: 0.31.0, moz:headless: false, moz:processID: 14948, moz:profile: C:\Users\pue\AppData\Local\..., moz:shutdownTimeout: 60000, moz:useNonSpecCompliantPointerOrigin: false, moz:webdriverClick: true, pageLoadStrategy: normal, platform: WINDOWS, platformName: WINDOWS, platformVersion: 10.0, proxy: Proxy(), setWindowRect: true, strictFileInteractability: false, timeouts: {implicit: 0, pageLoad: 300000, script: 30000}, unhandledPromptBehavior: dismiss and notify}&#10;Session ID: 760fcfb4-87d9-497b-af76-9c9a61571e97" type="org.openqa.selenium.ElementNotInteractableException"><![CDATA[org.openqa.selenium.ElementNotInteractableException: 
Element <input id="input-email" class="form-control" name="email" type="text"> could not be scrolled into view
Build info: version: '3.141.59', revision: 'e82be7d358', time: '2018-11-14T08:17:03'
System info: host: 'DESKTOP-I6VLM93', ip: '172.16.4.23', os.name: 'Windows 10', os.arch: 'x86', os.version: '10.0', java.version: '1.8.0_321'
Driver info: org.openqa.selenium.firefox.FirefoxDriver
Capabilities {acceptInsecureCerts: true, browserName: firefox, browserVersion: 98.0.1, javascriptEnabled: true, moz:accessibilityChecks: false, moz:buildID: 20220313140707, moz:geckodriverVersion: 0.31.0, moz:headless: false, moz:processID: 14948, moz:profile: C:\Users\pue\AppData\Local\..., moz:shutdownTimeout: 60000, moz:useNonSpecCompliantPointerOrigin: false, moz:webdriverClick: true, pageLoadStrategy: normal, platform: WINDOWS, platformName: WINDOWS, platformVersion: 10.0, proxy: Proxy(), setWindowRect: true, strictFileInteractability: false, timeouts: {implicit: 0, pageLoad: 300000, script: 30000}, unhandledPromptBehavior: dismiss and notify}
Session ID: 760fcfb4-87d9-497b-af76-9c9a61571e97
]]></error>
    <system-out><![CDATA[123.2

@cart @useraddtwoproductstothecart @smoke
Scenario Outline: the user adds two products to the cart                                                                     &amp#27;[90m# src/test/resources/cart.feature:16&amp#27;[0m
  &amp#27;[32mGiven &amp#27;[0m&amp#27;[32mthe user is on the home page&amp#27;[0m                                                                                         &amp#27;[90m# com.hiberusuniversity.openCart.stepdefs.CartSteps.theUserIsOnTheLogInPage()&amp#27;[0m
  &amp#27;[32mAnd &amp#27;[0m&amp#27;[32mthe user adds two product to the cart &amp#27;[0m&amp#27;[32m&amp#27;[1m"iPhone"&amp#27;[0m&amp#27;[32m and &amp#27;[0m&amp#27;[32m&amp#27;[1m"MacBook"&amp#27;[0m                                                           &amp#27;[90m# com.hiberusuniversity.openCart.stepdefs.CartSteps.theUserAddsTwoProductToTheCart(java.lang.String,java.lang.String)&amp#27;[0m
  &amp#27;[32mWhen &amp#27;[0m&amp#27;[32mthe user click the cart section&amp#27;[0m                                                                                       &amp#27;[90m# com.hiberusuniversity.openCart.stepdefs.CartSteps.theUserClickTheCartSection()&amp#27;[0m
  &amp#27;[32mThen &amp#27;[0m&amp#27;[32mthe user is redirected to the cart page and sees the &amp#27;[0m&amp#27;[32m&amp#27;[1m2&amp#27;[0m&amp#27;[32m products he added &amp#27;[0m&amp#27;[32m&amp#27;[1m"iPhone"&amp#27;[0m&amp#27;[32m and &amp#27;[0m&amp#27;[32m&amp#27;[1m"MacBook"&amp#27;[0m&amp#27;[32m in alphabetical order&amp#27;[0m &amp#27;[90m# com.hiberusuniversity.openCart.stepdefs.CartSteps.theUserIsRedirectedToTheCartPageAndSeesTheTwoProductsHeAddedAnd(int,java.lang.String,java.lang.String)&amp#27;[0m

@cart @useraddtwoproductsanddeletesone @smoke
Scenario Outline: the user adds two products to the cart and removes one      &amp#27;[90m# src/test/resources/cart.feature:28&amp#27;[0m
  &amp#27;[32mGiven &amp#27;[0m&amp#27;[32mthe user is on the home page&amp#27;[0m                                          &amp#27;[90m# com.hiberusuniversity.openCart.stepdefs.CartSteps.theUserIsOnTheLogInPage()&amp#27;[0m
  &amp#27;[32mAnd &amp#27;[0m&amp#27;[32mthe user adds two product to the cart &amp#27;[0m&amp#27;[32m&amp#27;[1m"iPhone"&amp#27;[0m&amp#27;[32m and &amp#27;[0m&amp#27;[32m&amp#27;[1m"MacBook"&amp#27;[0m            &amp#27;[90m# com.hiberusuniversity.openCart.stepdefs.CartSteps.theUserAddsTwoProductToTheCart(java.lang.String,java.lang.String)&amp#27;[0m
  &amp#27;[32mWhen &amp#27;[0m&amp#27;[32mthe user click the cart section&amp#27;[0m                                        &amp#27;[90m# com.hiberusuniversity.openCart.stepdefs.CartSteps.theUserClickTheCartSection()&amp#27;[0m
  &amp#27;[32mAnd &amp#27;[0m&amp#27;[32mthe user is redirected to the cart page and removes one of the products&amp#27;[0m &amp#27;[90m# com.hiberusuniversity.openCart.stepdefs.CartSteps.theUserIsRedirectedToTheCartPageAndRemovesOneOfTheProducts()&amp#27;[0m
  &amp#27;[32mThen &amp#27;[0m&amp#27;[32mthe cart list will only have &amp#27;[0m&amp#27;[32m&amp#27;[1m1&amp#27;[0m&amp#27;[32m product&amp#27;[0m                                 &amp#27;[90m# com.hiberusuniversity.openCart.stepdefs.CartSteps.theCartListWillOnlyHaveProduct(int)&amp#27;[0m

@cart @userupdateproductquantityincart
Scenario Outline: the user adds one product to the cart and updates his quantity                  &amp#27;[90m# src/test/resources/cart.feature:40&amp#27;[0m
  &amp#27;[32mGiven &amp#27;[0m&amp#27;[32mthe user is on the home page&amp#27;[0m                                                              &amp#27;[90m# com.hiberusuniversity.openCart.stepdefs.CartSteps.theUserIsOnTheLogInPage()&amp#27;[0m
  &amp#27;[32mAnd &amp#27;[0m&amp#27;[32mthe user adds one product to the cart &amp#27;[0m&amp#27;[32m&amp#27;[1m"iPhone"&amp#27;[0m                                              &amp#27;[90m# com.hiberusuniversity.openCart.stepdefs.CartSteps.theUserAddsOneProductToTheCart(java.lang.String)&amp#27;[0m
  &amp#27;[32mWhen &amp#27;[0m&amp#27;[32mthe user click the cart section&amp#27;[0m                                                            &amp#27;[90m# com.hiberusuniversity.openCart.stepdefs.CartSteps.theUserClickTheCartSection()&amp#27;[0m
  &amp#27;[32mAnd &amp#27;[0m&amp#27;[32mthe user is redirected to the cart page and updates the quantity of one of the products &amp#27;[0m&amp#27;[32m&amp#27;[1m"2"&amp#27;[0m &amp#27;[90m# com.hiberusuniversity.openCart.stepdefs.CartSteps.theUserIsRedirectedToTheCartPageAndUpdatesTheQuantityOfOneOfTheProducts(java.lang.String)&amp#27;[0m
  &amp#27;[32mThen &amp#27;[0m&amp#27;[32mthe cart list will only have one product with &amp#27;[0m&amp#27;[32m&amp#27;[1m2&amp#27;[0m&amp#27;[32m units&amp#27;[0m                                      &amp#27;[90m# com.hiberusuniversity.openCart.stepdefs.CartSteps.theCartListWillOnlyHaveProductWithTwoUnits(int)&amp#27;[0m

@cart @productprice
Scenario Outline: the price of the product in the cart is correct  &amp#27;[90m# src/test/resources/cart.feature:50&amp#27;[0m
  &amp#27;[32mGiven &amp#27;[0m&amp#27;[32mthe user is on the home page&amp#27;[0m                               &amp#27;[90m# com.hiberusuniversity.openCart.stepdefs.CartSteps.theUserIsOnTheLogInPage()&amp#27;[0m
  &amp#27;[32mAnd &amp#27;[0m&amp#27;[32mthe user adds two product to the cart &amp#27;[0m&amp#27;[32m&amp#27;[1m"iPhone"&amp#27;[0m&amp#27;[32m and &amp#27;[0m&amp#27;[32m&amp#27;[1m"MacBook"&amp#27;[0m &amp#27;[90m# com.hiberusuniversity.openCart.stepdefs.CartSteps.theUserAddsTwoProductToTheCart(java.lang.String,java.lang.String)&amp#27;[0m
  &amp#27;[32mWhen &amp#27;[0m&amp#27;[32mthe user click the cart section&amp#27;[0m                             &amp#27;[90m# com.hiberusuniversity.openCart.stepdefs.CartSteps.theUserClickTheCartSection()&amp#27;[0m
  &amp#27;[32mThen &amp#27;[0m&amp#27;[32mthe price of the product is equal to the total price&amp#27;[0m        &amp#27;[90m# com.hiberusuniversity.openCart.stepdefs.CartSteps.thePriceOfTheProductIsEqualToTheTotalPrice()&amp#27;[0m

@checkout @usercheckout @smoke
Scenario Outline: the user buys two products with already created address                                                                             &amp#27;[90m# src/test/resources/checkout.feature:22&amp#27;[0m
  &amp#27;[32mGiven &amp#27;[0m&amp#27;[32mthe user is on the home page&amp#27;[0m                                                                                                                  &amp#27;[90m# com.hiberusuniversity.openCart.stepdefs.CartSteps.theUserIsOnTheLogInPage()&amp#27;[0m
  &amp#27;[32mAnd &amp#27;[0m&amp#27;[32mthe user adds one product to the cart &amp#27;[0m&amp#27;[32m&amp#27;[1m"iPhone"&amp#27;[0m&amp#27;[32m and the user click the cart section&amp#27;[0m                                                              &amp#27;[90m# com.hiberusuniversity.openCart.stepdefs.CheckoutSteps.theUserAddsProductToTheCart(java.lang.String)&amp#27;[0m
  &amp#27;[32mAnd &amp#27;[0m&amp#27;[32mthe user click the checkout button&amp#27;[0m                                                                                                              &amp#27;[90m# com.hiberusuniversity.openCart.stepdefs.CheckoutSteps.theUserClickTheCheckoutButton()&amp#27;[0m
  &amp#27;[31mAnd &amp#27;[0m&amp#27;[31mthe user enter his email &amp#27;[0m&amp#27;[31m&amp#27;[1m"rbttm1999@gmail.com"&amp#27;[0m&amp#27;[31m and password &amp#27;[0m&amp#27;[31m&amp#27;[1m"123abc"&amp#27;[0m&amp#27;[31m and logs in&amp#27;[0m                                                                &amp#27;[90m# com.hiberusuniversity.openCart.stepdefs.CheckoutSteps.theUserEnterHisEmailAndPasswordAndLogsIn(java.lang.String,java.lang.String)&amp#27;[0m
      &amp#27;[31morg.openqa.selenium.ElementNotInteractableException: Element <input id="input-email" class="form-control" name="email" type="text"> could not be scrolled into view
Build info: version: '3.141.59', revision: 'e82be7d358', time: '2018-11-14T08:17:03'
System info: host: 'DESKTOP-I6VLM93', ip: '172.16.4.23', os.name: 'Windows 10', os.arch: 'x86', os.version: '10.0', java.version: '1.8.0_321'
Driver info: org.openqa.selenium.firefox.FirefoxDriver
Capabilities {acceptInsecureCerts: true, browserName: firefox, browserVersion: 98.0.1, javascriptEnabled: true, moz:accessibilityChecks: false, moz:buildID: 20220313140707, moz:geckodriverVersion: 0.31.0, moz:headless: false, moz:processID: 14948, moz:profile: C:\Users\pue\AppData\Local\..., moz:shutdownTimeout: 60000, moz:useNonSpecCompliantPointerOrigin: false, moz:webdriverClick: true, pageLoadStrategy: normal, platform: WINDOWS, platformName: WINDOWS, platformVersion: 10.0, proxy: Proxy(), setWindowRect: true, strictFileInteractability: false, timeouts: {implicit: 0, pageLoad: 300000, script: 30000}, unhandledPromptBehavior: dismiss and notify}
Session ID: 760fcfb4-87d9-497b-af76-9c9a61571e97
	at sun.reflect.NativeConstructorAccessorImpl.newInstance0(Native Method)
	at sun.reflect.NativeConstructorAccessorImpl.newInstance(NativeConstructorAccessorImpl.java:62)
	at sun.reflect.DelegatingConstructorAccessorImpl.newInstance(DelegatingConstructorAccessorImpl.java:45)
	at java.lang.reflect.Constructor.newInstance(Constructor.java:423)
	at org.openqa.selenium.remote.http.W3CHttpResponseCodec.createException(W3CHttpResponseCodec.java:187)
	at org.openqa.selenium.remote.http.W3CHttpResponseCodec.decode(W3CHttpResponseCodec.java:122)
	at org.openqa.selenium.remote.http.W3CHttpResponseCodec.decode(W3CHttpResponseCodec.java:49)
	at org.openqa.selenium.remote.HttpCommandExecutor.execute(HttpCommandExecutor.java:158)
	at org.openqa.selenium.]]></system-out>
    <system-err><![CDATA[[main] INFO com.hiberusuniversity.openCart.support.Hooks - starting the user buys two products with already created address
[main] INFO io.github.bonigarcia.wdm.WebDriverManager - Reading https://api.github.com/repos/mozilla/geckodriver/releases to seek geckodriver
[main] INFO io.github.bonigarcia.wdm.WebDriverManager - Exporting webdriver.gecko.driver as C:\Users\pue\.cache\selenium\geckodriver\win32\0.31.0\geckodriver.exe
1654710072209	geckodriver	INFO	Listening on 127.0.0.1:16571
1654710072701	mozrunner::runner	INFO	Running command: "C:\\Program Files\\Mozilla Firefox\\firefox.exe" "--marionette" "-no-remote" "-profile" "C:\\Users\\pue\\AppData\\Local\\Temp\\rust_mozprofileyNyssC"
1654710073215	Marionette	INFO	Marionette enabled
console.warn: SearchSettings: "get: No settings file exists, new profile?" (new NotFoundError("Could not open the file at C:\\Users\\pue\\AppData\\Local\\Temp\\rust_mozprofileyNyssC\\search.json.mozlz4", (void 0)))
1654710075052	Marionette	INFO	Listening on port 53497
Read port: 53497
1654710075100	RemoteAgent	WARN	TLS certificate errors will be ignored for this session
jun 08, 2022 7:41:15 PM org.openqa.selenium.remote.ProtocolHandshake createSession
INFORMACIÓN: Detected dialect: W3C
[main] INFO com.hiberusuniversity.openCart.stepdefs.CartSteps - The user is on the login page
1654710078809	Marionette	WARN	TimedPromise timed out after 500 ms: stacktrace:
TimedPromise/<@chrome://remote/content/marionette/sync.js:235:19
TimedPromise@chrome://remote/content/marionette/sync.js:220:10
interaction.flushEventLoop@chrome://remote/content/marionette/interaction.js:431:10
webdriverClickElement@chrome://remote/content/marionette/interaction.js:179:31
[main] INFO com.hiberusuniversity.openCart.support.Hooks - ending the user buys two products with already created address
1654710080397	Marionette	INFO	Stopped listening on port 53497
[Parent 14948, IPC I/O Parent] WARNING: file /builds/worker/checkouts/gecko/ipc/chromium/src/base/process_util_win.cc:167

###!!! [Parent][PImageBridgeParent] Error: RunMessage(msgname=PImageBridge::Msg_WillClose) Channel closing: too late to send/recv, messages will be lost

]]></system-err>
  </testcase>
  <testcase name="the user buys two products with new created address" classname="checkout test suite" time="10.515">
    <error message="Element &lt;input id=&quot;input-email&quot; class=&quot;form-control&quot; name=&quot;email&quot; type=&quot;text&quot;&gt; could not be scrolled into view&#10;Build info: version: &apos;3.141.59&apos;, revision: &apos;e82be7d358&apos;, time: &apos;2018-11-14T08:17:03&apos;&#10;System info: host: &apos;DESKTOP-I6VLM93&apos;, ip: &apos;172.16.4.23&apos;, os.name: &apos;Windows 10&apos;, os.arch: &apos;x86&apos;, os.version: &apos;10.0&apos;, java.version: &apos;1.8.0_321&apos;&#10;Driver info: org.openqa.selenium.firefox.FirefoxDriver&#10;Capabilities {acceptInsecureCerts: true, browserName: firefox, browserVersion: 98.0.1, javascriptEnabled: true, moz:accessibilityChecks: false, moz:buildID: 20220313140707, moz:geckodriverVersion: 0.31.0, moz:headless: false, moz:processID: 11144, moz:profile: C:\Users\pue\AppData\Local\..., moz:shutdownTimeout: 60000, moz:useNonSpecCompliantPointerOrigin: false, moz:webdriverClick: true, pageLoadStrategy: normal, platform: WINDOWS, platformName: WINDOWS, platformVersion: 10.0, proxy: Proxy(), setWindowRect: true, strictFileInteractability: false, timeouts: {implicit: 0, pageLoad: 300000, script: 30000}, unhandledPromptBehavior: dismiss and notify}&#10;Session ID: 4dae19cc-6062-4a67-b9f0-180a0ed50155" type="org.openqa.selenium.ElementNotInteractableException"><![CDATA[org.openqa.selenium.ElementNotInteractableException: 
Element <input id="input-email" class="form-control" name="email" type="text"> could not be scrolled into view
Build info: version: '3.141.59', revision: 'e82be7d358', time: '2018-11-14T08:17:03'
System info: host: 'DESKTOP-I6VLM93', ip: '172.16.4.23', os.name: 'Windows 10', os.arch: 'x86', os.version: '10.0', java.version: '1.8.0_321'
Driver info: org.openqa.selenium.firefox.FirefoxDriver
Capabilities {acceptInsecureCerts: true, browserName: firefox, browserVersion: 98.0.1, javascriptEnabled: true, moz:accessibilityChecks: false, moz:buildID: 20220313140707, moz:geckodriverVersion: 0.31.0, moz:headless: false, moz:processID: 11144, moz:profile: C:\Users\pue\AppData\Local\..., moz:shutdownTimeout: 60000, moz:useNonSpecCompliantPointerOrigin: false, moz:webdriverClick: true, pageLoadStrategy: normal, platform: WINDOWS, platformName: WINDOWS, platformVersion: 10.0, proxy: Proxy(), setWindowRect: true, strictFileInteractability: false, timeouts: {implicit: 0, pageLoad: 300000, script: 30000}, unhandledPromptBehavior: dismiss and notify}
Session ID: 4dae19cc-6062-4a67-b9f0-180a0ed50155
]]></error>
    <system-out><![CDATA[123.2
remote.service.DriverCommandExecutor.execute(DriverCommandExecutor.java:83)
	at org.openqa.selenium.remote.RemoteWebDriver.execute(RemoteWebDriver.java:552)
	at org.openqa.selenium.remote.RemoteWebElement.execute(RemoteWebElement.java:285)
	at org.openqa.selenium.remote.RemoteWebElement.click(RemoteWebElement.java:84)
	at sun.reflect.NativeMethodAccessorImpl.invoke0(Native Method)
	at sun.reflect.NativeMethodAccessorImpl.invoke(NativeMethodAccessorImpl.java:62)
	at sun.reflect.DelegatingMethodAccessorImpl.invoke(DelegatingMethodAccessorImpl.java:43)
	at java.lang.reflect.Method.invoke(Method.java:498)
	at org.openqa.selenium.support.pagefactory.internal.LocatingElementHandler.invoke(LocatingElementHandler.java:51)
	at com.sun.proxy.$Proxy20.click(Unknown Source)
	at com.hiberusuniversity.openCart.pages.CheckoutPage.loginCheckout(CheckoutPage.java:115)
	at com.hiberusuniversity.openCart.stepdefs.CheckoutSteps.theUserEnterHisEmailAndPasswordAndLogsIn(CheckoutSteps.java:43)
	at âœ½.the user enter his email "rbttm1999@gmail.com" and password "123abc" and logs in(file:///C:/Opencart/src/test/resources/checkout.feature:12)
&amp#27;[0m
  &amp#27;[36mAnd &amp#27;[0m&amp#27;[36mthe user uses a already created billing address&amp#27;[0m                                                                                                 &amp#27;[90m# com.hiberusuniversity.openCart.stepdefs.CheckoutSteps.theUserUsesAAlreadyCreatedAddress()&amp#27;[0m
  &amp#27;[36mAnd &amp#27;[0m&amp#27;[36mthe user uses a already created delivery address&amp#27;[0m                                                                                                &amp#27;[90m# com.hiberusuniversity.openCart.stepdefs.CheckoutSteps.theUserUsesAAlreadyCreatedDeliveryAddress()&amp#27;[0m
  &amp#27;[36mAnd &amp#27;[0m&amp#27;[36mthe user select the delivery method&amp#27;[0m                                                                                                             &amp#27;[90m# com.hiberusuniversity.openCart.stepdefs.CheckoutSteps.theUserSelectTheDeliveryMethod()&amp#27;[0m
  &amp#27;[36mAnd &amp#27;[0m&amp#27;[36mthe user select the payment method&amp#27;[0m                                                                                                              &amp#27;[90m# com.hiberusuniversity.openCart.stepdefs.CheckoutSteps.theUserSelectThePaymentMethod()&amp#27;[0m
  &amp#27;[36mWhen &amp#27;[0m&amp#27;[36mthe user confirms the order&amp#27;[0m                                                                                                                    &amp#27;[90m# com.hiberusuniversity.openCart.stepdefs.CheckoutSteps.theUserConfirmsTheOrder()&amp#27;[0m
  &amp#27;[36mThen &amp#27;[0m&amp#27;[36mThe user get redirected to a page with a message that his order was successful &amp#27;[0m&amp#27;[36m&amp#27;[1m"http://opencart.abstracta.us/index.php?route=checkout/success"&amp#27;[0m &amp#27;[90m# com.hiberusuniversity.openCart.stepdefs.CheckoutSteps.theUserGetRedirectedToAPageWithAMessageThatHisOrderWasSuccessful(java.lang.String)&amp#27;[0m

    Embedding screenshot_1654710080367.png [image/png 64242 bytes]


@checkout @usercheckoutnewaddress @smoke
Scenario Outline: the user buys two products with new created address                                                                                 &amp#27;[90m# src/test/resources/checkout.feature:41&amp#27;[0m
  &amp#27;[32mGiven &amp#27;[0m&amp#27;[32mthe user is on the home page&amp#27;[0m                                                                                                                  &amp#27;[90m# com.hiberusuniversity.openCart.stepdefs.CartSteps.theUserIsOnTheLogInPage()&amp#27;[0m
  &amp#27;[32mAnd &amp#27;[0m&amp#27;[32mthe user adds one product to the cart &amp#27;[0m&amp#27;[32m&amp#27;[1m"iPhone"&amp#27;[0m&amp#27;[32m and the user click the cart section&amp#27;[0m                                                              &amp#27;[90m# com.hiberusuniversity.openCart.stepdefs.CheckoutSteps.theUserAddsProductToTheCart(java.lang.String)&amp#27;[0m
  &amp#27;[32mAnd &amp#27;[0m&amp#27;[32mthe user click the checkout button&amp#27;[0m                                                                                                              &amp#27;[90m# com.hiberusuniversity.openCart.stepdefs.CheckoutSteps.theUserClickTheCheckoutButton()&amp#27;[0m
  &amp#27;[31mAnd &amp#27;[0m&amp#27;[31mthe user enter his email &amp#27;[0m&amp#27;[31m&amp#27;[1m"rbttm1999@gmail.com"&amp#27;[0m&amp#27;[31m and password &amp#27;[0m&amp#27;[31m&amp#27;[1m"123abc"&amp#27;[0m&amp#27;[31m and logs in&amp#27;[0m                                                                &amp#27;[90m# com.hiberusuniversity.openCart.stepdefs.CheckoutSteps.theUserEnterHisEmailAndPasswordAndLogsIn(java.lang.String,java.lang.String)&amp#27;[0m
      &amp#27;[31morg.openqa.selenium.ElementNotInteractableException: Element <input id="input-email" class="form-control" name="email" type="text"> could not be scrolled into view
Build info: version: '3.141.59', revision: 'e82be7d358', time: '2018-11-14T08:17:03'
System info: host: 'DESKTOP-I6VLM93', ip: '172.16.4.23', os.name: 'Windows 10', os.arch: 'x86', os.version: '10.0', java.version: '1.8.0_321'
Driver info: org.openqa.selenium.firefox.FirefoxDriver
Capabilities {acceptInsecureCerts: true, browserName: firefox, browserVersion: 98.0.1, javascriptEnabled: true, moz:accessibilityChecks: false, moz:buildID: 20220313140707, moz:geckodriverVersion: 0.31.0, moz:headless: false, moz:processID: 11144, moz:profile: C:\Users\pue\AppData\Local\..., moz:shutdownTimeout: 60000, moz:useNonSpecCompliantPointerOrigin: false, moz:webdriverClick: true, pageLoadStrategy: normal, platform: WINDOWS, platformName: WINDOWS, platformVersion: 10.0, proxy: Proxy(), setWindowRect: true, strictFileInteractability: false, timeouts: {implicit: 0, pageLoad: 300000, script: 30000}, unhandledPromptBehavior: dismiss and notify}
Session ID: 4dae19cc-6062-4a67-b9f0-180a0ed50155
	at sun.reflect.NativeConstructorAccessorImpl.newInstance0(Native Method)
	at sun.reflect.NativeConstructorAccessorImpl.newInstance(NativeConstructorAccessorImpl.java:62)
	at sun.reflect.DelegatingConstructorAccessorImpl.newInstance(DelegatingConstructorAccessorImpl.java:45)
	at java.lang.reflect.Constructor.newInstance(Constructor.java:423)
	at org.openqa.selenium.remote.http.W3CHttpResponseCodec.createException(W3CHttpResponseCodec.java:187)
	at org.openqa.selenium.remote.http.W3CHttpResponseCodec.decode(W3CHttpResponseCodec.java:122)
	at org.openqa.selenium.remote.http.W3CHttpResponseCodec.decode(W3CHttpResponseCodec.java:49)
	at org.openqa.selenium.remote.HttpCommandExecutor.execute(HttpCommandExecutor.java:158)
	at org.openqa.selenium.remote.service.DriverCommandExecutor.execute(DriverCommandExecutor.java:83)
	at org.openqa.selenium.remote.RemoteWebDriver.execute(RemoteWebDriver.java:552)
	at org.openqa.selenium.remote.RemoteWebElement.execute(RemoteWebElement.java:285)
	at org.openqa.selenium.remote.RemoteWebElement.click(RemoteWebElement.java:84)
	at sun.reflect.NativeMethodAccessorImpl.invoke0(Native Method)
	at sun.reflect.NativeMethodAccessorImpl.invoke(NativeMethodAccessorImpl.java:62)
	at sun.reflect.DelegatingMethodAccessorImpl.invoke(DelegatingMethodAccessorImpl.java:43)
	at java.lang.reflect.Method.invoke(Method.java:498)
	at org.openqa.selenium.support.pagefactory.internal.LocatingElementHandler.invoke(LocatingElementHandler.java:51)
	at com.sun.proxy.$Proxy20.click(Unknown Source)
	at com.hiberusuniversity.openCart.pages.CheckoutPage.loginCheckout(CheckoutPage.java:115)
	at com.hiberusuniversity.openCart.stepdefs.CheckoutSteps.theUserEnterHisEmailAndPasswordAndLogsIn(CheckoutSteps.java:43)
	at âœ½.the user enter his email "rbttm1999@gmail.com" and password "123abc" and logs in(file:///C:/Opencart/src/test/resources/checkout.feature:29)
&amp#27;[0m
  &amp#27;[36mAnd &amp#27;[0m&amp#27;[36mthe user uses selects to create a new billing address&amp#27;[0m                                                                                           &amp#27;[90m# com.hiberusuniversity.openCart.stepdefs.CheckoutSteps.theUserUsesSelectsToCreateANewBillingAddress()&amp#27;[0m
  &amp#27;[36mAnd &amp#27;[0m&amp#27;[36mthe user introduces his info &amp#27;[0m&amp#27;[36m&amp#27;[1m"Roberto"&amp#27;[0m&amp#27;[36m &amp#27;[0m&amp#27;[36m&amp#27;[1m"Teresa"&amp#27;[0m&amp#27;[36m &amp#27;[0m&amp#27;[36m&amp#27;[1m"Calle falsa 123"&amp#27;[0m&amp#27;[36m &amp#27;[0m&amp#27;[36m&amp#27;[1m"Valladolid"&amp#27;[0m&amp#27;[36m &amp#27;[0m&amp#27;[36m&amp#27;[1m"Spain"&amp#27;[0m&amp#27;[36m &amp#27;[0m&amp#27;[36m&amp#27;[1m"Valladolid"&amp#27;[0m&amp#27;[36m for the new billing address&amp#27;[0m                 &amp#27;[90m# com.hiberusuniversity.openCart.stepdefs.CheckoutSteps.theUserIntroducesHisInfoForTheNewBillingAddress(java.lang.String,java.lang.String,java.lang.String,java.lang.String,java.lang.String,java.lang.String)&amp#27;[0m
  &amp#27;[36mAnd &amp#27;[0m&amp#27;[3]]></system-out>
    <system-err><![CDATA[[main] INFO com.hiberusuniversity.openCart.support.Hooks - starting the user buys two products with new created address
[main] INFO io.github.bonigarcia.wdm.WebDriverManager - Reading https://api.github.com/repos/mozilla/geckodriver/releases to seek geckodriver
[main] INFO io.github.bonigarcia.wdm.WebDriverManager - Exporting webdriver.gecko.driver as C:\Users\pue\.cache\selenium\geckodriver\win32\0.31.0\geckodriver.exe
1654710082674	geckodriver	INFO	Listening on 127.0.0.1:4864
1654710083133	mozrunner::runner	INFO	Running command: "C:\\Program Files\\Mozilla Firefox\\firefox.exe" "--marionette" "-no-remote" "-profile" "C:\\Users\\pue\\AppData\\Local\\Temp\\rust_mozprofilekzQqd7"
1654710083656	Marionette	INFO	Marionette enabled
console.warn: SearchSettings: "get: No settings file exists, new profile?" (new NotFoundError("Could not open the file at C:\\Users\\pue\\AppData\\Local\\Temp\\rust_mozprofilekzQqd7\\search.json.mozlz4", (void 0)))
1654710085419	Marionette	INFO	Listening on port 53570
Read port: 53570
1654710085517	RemoteAgent	WARN	TLS certificate errors will be ignored for this session
jun 08, 2022 7:41:25 PM org.openqa.selenium.remote.ProtocolHandshake createSession
INFORMACIÓN: Detected dialect: W3C
[main] INFO com.hiberusuniversity.openCart.stepdefs.CartSteps - The user is on the login page
1654710089077	Marionette	WARN	TimedPromise timed out after 500 ms: stacktrace:
TimedPromise/<@chrome://remote/content/marionette/sync.js:235:19
TimedPromise@chrome://remote/content/marionette/sync.js:220:10
interaction.flushEventLoop@chrome://remote/content/marionette/interaction.js:431:10
webdriverClickElement@chrome://remote/content/marionette/interaction.js:179:31
[main] INFO com.hiberusuniversity.openCart.support.Hooks - ending the user buys two products with new created address
1654710090897	Marionette	INFO	Stopped listening on port 53570

###!!! [Parent][PImageBridgeParent] Error: RunMessage(msgname=PImageBridge::Msg_WillClose) Channel closing: too late to send/recv, messages will be lost

]]></system-err>
  </testcase>
  <testcase name="the user buys two products as a guest" classname="checkout test suite" time="10.662">
    <error message="Element &lt;input name=&quot;account&quot; type=&quot;radio&quot;&gt; could not be scrolled into view&#10;Build info: version: &apos;3.141.59&apos;, revision: &apos;e82be7d358&apos;, time: &apos;2018-11-14T08:17:03&apos;&#10;System info: host: &apos;DESKTOP-I6VLM93&apos;, ip: &apos;172.16.4.23&apos;, os.name: &apos;Windows 10&apos;, os.arch: &apos;x86&apos;, os.version: &apos;10.0&apos;, java.version: &apos;1.8.0_321&apos;&#10;Driver info: org.openqa.selenium.firefox.FirefoxDriver&#10;Capabilities {acceptInsecureCerts: true, browserName: firefox, browserVersion: 98.0.1, javascriptEnabled: true, moz:accessibilityChecks: false, moz:buildID: 20220313140707, moz:geckodriverVersion: 0.31.0, moz:headless: false, moz:processID: 4052, moz:profile: C:\Users\pue\AppData\Local\..., moz:shutdownTimeout: 60000, moz:useNonSpecCompliantPointerOrigin: false, moz:webdriverClick: true, pageLoadStrategy: normal, platform: WINDOWS, platformName: WINDOWS, platformVersion: 10.0, proxy: Proxy(), setWindowRect: true, strictFileInteractability: false, timeouts: {implicit: 0, pageLoad: 300000, script: 30000}, unhandledPromptBehavior: dismiss and notify}&#10;Session ID: 6b155b0f-2743-47f9-8366-401783a340e8" type="org.openqa.selenium.ElementNotInteractableException"><![CDATA[org.openqa.selenium.ElementNotInteractableException: 
Element <input name="account" type="radio"> could not be scrolled into view
Build info: version: '3.141.59', revision: 'e82be7d358', time: '2018-11-14T08:17:03'
System info: host: 'DESKTOP-I6VLM93', ip: '172.16.4.23', os.name: 'Windows 10', os.arch: 'x86', os.version: '10.0', java.version: '1.8.0_321'
Driver info: org.openqa.selenium.firefox.FirefoxDriver
Capabilities {acceptInsecureCerts: true, browserName: firefox, browserVersion: 98.0.1, javascriptEnabled: true, moz:accessibilityChecks: false, moz:buildID: 20220313140707, moz:geckodriverVersion: 0.31.0, moz:headless: false, moz:processID: 4052, moz:profile: C:\Users\pue\AppData\Local\..., moz:shutdownTimeout: 60000, moz:useNonSpecCompliantPointerOrigin: false, moz:webdriverClick: true, pageLoadStrategy: normal, platform: WINDOWS, platformName: WINDOWS, platformVersion: 10.0, proxy: Proxy(), setWindowRect: true, strictFileInteractability: false, timeouts: {implicit: 0, pageLoad: 300000, script: 30000}, unhandledPromptBehavior: dismiss and notify}
Session ID: 6b155b0f-2743-47f9-8366-401783a340e8
]]></error>
    <system-out><![CDATA[123.2
6mthe user uses selects to create a new delivery address&amp#27;[0m                                                                                          &amp#27;[90m# com.hiberusuniversity.openCart.stepdefs.CheckoutSteps.theUserUsesSelectsToCreateANewDeliveryAddress()&amp#27;[0m
  &amp#27;[36mAnd &amp#27;[0m&amp#27;[36mthe user introduces his info &amp#27;[0m&amp#27;[36m&amp#27;[1m"Roberto"&amp#27;[0m&amp#27;[36m &amp#27;[0m&amp#27;[36m&amp#27;[1m"Teresa"&amp#27;[0m&amp#27;[36m &amp#27;[0m&amp#27;[36m&amp#27;[1m"Calle falsa 123"&amp#27;[0m&amp#27;[36m &amp#27;[0m&amp#27;[36m&amp#27;[1m"Valladolid"&amp#27;[0m&amp#27;[36m &amp#27;[0m&amp#27;[36m&amp#27;[1m"47250"&amp#27;[0m&amp#27;[36m &amp#27;[0m&amp#27;[36m&amp#27;[1m"Spain"&amp#27;[0m&amp#27;[36m &amp#27;[0m&amp#27;[36m&amp#27;[1m"Valladolid"&amp#27;[0m&amp#27;[36m for the new delivery address&amp#27;[0m        &amp#27;[90m# com.hiberusuniversity.openCart.stepdefs.CheckoutSteps.theUserIntroducesHisInfoForTheNewDeliveryAddress(java.lang.String,java.lang.String,java.lang.String,java.lang.String,java.lang.String,java.lang.String,java.lang.String)&amp#27;[0m
  &amp#27;[36mAnd &amp#27;[0m&amp#27;[36mthe user select the delivery method&amp#27;[0m                                                                                                             &amp#27;[90m# com.hiberusuniversity.openCart.stepdefs.CheckoutSteps.theUserSelectTheDeliveryMethod()&amp#27;[0m
  &amp#27;[36mAnd &amp#27;[0m&amp#27;[36mthe user select the payment method&amp#27;[0m                                                                                                              &amp#27;[90m# com.hiberusuniversity.openCart.stepdefs.CheckoutSteps.theUserSelectThePaymentMethod()&amp#27;[0m
  &amp#27;[36mWhen &amp#27;[0m&amp#27;[36mthe user confirms the order&amp#27;[0m                                                                                                                    &amp#27;[90m# com.hiberusuniversity.openCart.stepdefs.CheckoutSteps.theUserConfirmsTheOrder()&amp#27;[0m
  &amp#27;[36mThen &amp#27;[0m&amp#27;[36mThe user get redirected to a page with a message that his order was successful &amp#27;[0m&amp#27;[36m&amp#27;[1m"http://opencart.abstracta.us/index.php?route=checkout/success"&amp#27;[0m &amp#27;[90m# com.hiberusuniversity.openCart.stepdefs.CheckoutSteps.theUserGetRedirectedToAPageWithAMessageThatHisOrderWasSuccessful(java.lang.String)&amp#27;[0m

    Embedding screenshot_1654710090882.png [image/png 64242 bytes]


@checkout @usercheckoutguest
Scenario Outline: the user buys two products as a guest                                                                                                            &amp#27;[90m# src/test/resources/checkout.feature:56&amp#27;[0m
  &amp#27;[32mGiven &amp#27;[0m&amp#27;[32mthe user is on the home page&amp#27;[0m                                                                                                                               &amp#27;[90m# com.hiberusuniversity.openCart.stepdefs.CartSteps.theUserIsOnTheLogInPage()&amp#27;[0m
  &amp#27;[32mAnd &amp#27;[0m&amp#27;[32mthe user adds one product to the cart &amp#27;[0m&amp#27;[32m&amp#27;[1m"iPhone"&amp#27;[0m&amp#27;[32m and the user click the cart section&amp#27;[0m                                                                           &amp#27;[90m# com.hiberusuniversity.openCart.stepdefs.CheckoutSteps.theUserAddsProductToTheCart(java.lang.String)&amp#27;[0m
  &amp#27;[32mAnd &amp#27;[0m&amp#27;[32mthe user click the checkout button&amp#27;[0m                                                                                                                           &amp#27;[90m# com.hiberusuniversity.openCart.stepdefs.CheckoutSteps.theUserClickTheCheckoutButton()&amp#27;[0m
  &amp#27;[31mAnd &amp#27;[0m&amp#27;[31mthe user select to use a guest checkout&amp#27;[0m                                                                                                                      &amp#27;[90m# com.hiberusuniversity.openCart.stepdefs.CheckoutSteps.theUserSelectToUseAGuestCheckout()&amp#27;[0m
      &amp#27;[31morg.openqa.selenium.ElementNotInteractableException: Element <input name="account" type="radio"> could not be scrolled into view
Build info: version: '3.141.59', revision: 'e82be7d358', time: '2018-11-14T08:17:03'
System info: host: 'DESKTOP-I6VLM93', ip: '172.16.4.23', os.name: 'Windows 10', os.arch: 'x86', os.version: '10.0', java.version: '1.8.0_321'
Driver info: org.openqa.selenium.firefox.FirefoxDriver
Capabilities {acceptInsecureCerts: true, browserName: firefox, browserVersion: 98.0.1, javascriptEnabled: true, moz:accessibilityChecks: false, moz:buildID: 20220313140707, moz:geckodriverVersion: 0.31.0, moz:headless: false, moz:processID: 4052, moz:profile: C:\Users\pue\AppData\Local\..., moz:shutdownTimeout: 60000, moz:useNonSpecCompliantPointerOrigin: false, moz:webdriverClick: true, pageLoadStrategy: normal, platform: WINDOWS, platformName: WINDOWS, platformVersion: 10.0, proxy: Proxy(), setWindowRect: true, strictFileInteractability: false, timeouts: {implicit: 0, pageLoad: 300000, script: 30000}, unhandledPromptBehavior: dismiss and notify}
Session ID: 6b155b0f-2743-47f9-8366-401783a340e8
	at sun.reflect.NativeConstructorAccessorImpl.newInstance0(Native Method)
	at sun.reflect.NativeConstructorAccessorImpl.newInstance(NativeConstructorAccessorImpl.java:62)
	at sun.reflect.DelegatingConstructorAccessorImpl.newInstance(DelegatingConstructorAccessorImpl.java:45)
	at java.lang.reflect.Constructor.newInstance(Constructor.java:423)
	at org.openqa.selenium.remote.http.W3CHttpResponseCodec.createException(W3CHttpResponseCodec.java:187)
	at org.openqa.selenium.remote.http.W3CHttpResponseCodec.decode(W3CHttpResponseCodec.java:122)
	at org.openqa.selenium.remote.http.W3CHttpResponseCodec.decode(W3CHttpResponseCodec.java:49)
	at org.openqa.selenium.remote.HttpCommandExecutor.execute(HttpCommandExecutor.java:158)
	at org.openqa.selenium.remote.service.DriverCommandExecutor.execute(DriverCommandExecutor.java:83)
	at org.openqa.selenium.remote.RemoteWebDriver.execute(RemoteWebDriver.java:552)
	at org.openqa.selenium.remote.RemoteWebElement.execute(RemoteWebElement.java:285)
	at org.openqa.selenium.remote.RemoteWebElement.click(RemoteWebElement.java:84)
	at sun.reflect.NativeMethodAccessorImpl.invoke0(Native Method)
	at sun.reflect.NativeMethodAccessorImpl.invoke(NativeMethodAccessorImpl.java:62)
	at sun.reflect.DelegatingMethodAccessorImpl.invoke(DelegatingMethodAccessorImpl.java:43)
	at java.lang.reflect.Method.invoke(Method.java:498)
	at org.openqa.selenium.support.pagefactory.internal.LocatingElementHandler.invoke(LocatingElementHandler.java:51)
	at com.sun.proxy.$Proxy20.click(Unknown Source)
	at com.hiberusuniversity.openCart.pages.CheckoutPage.checkGuestCheckout(CheckoutPage.java:196)
	at com.hiberusuniversity.openCart.stepdefs.CheckoutSteps.theUserSelectToUseAGuestCheckout(CheckoutSteps.java:101)
	at âœ½.the user select to use a guest checkout(file:///C:/Opencart/src/test/resources/checkout.feature:47)
&amp#27;[0m
  &amp#27;[36mAnd &amp#27;[0m&amp#27;[36mthe user introduces his info &amp#27;[0m&amp#27;[36m&amp#27;[1m"Roberto"&amp#27;[0m&amp#27;[36m &amp#27;[0m&amp#27;[36m&amp#27;[1m"Teresa"&amp#27;[0m&amp#27;[36m &amp#27;[0m&amp#27;[36m&amp#27;[1m"rbttm1999@gmail.com"&amp#27;[0m&amp#27;[36m &amp#27;[0m&amp#27;[36m&amp#27;[1m"1234"&amp#27;[0m&amp#27;[36m &amp#27;[0m&amp#27;[36m&amp#27;[1m"Calle falsa 123"&amp#27;[0m&amp#27;[36m &amp#27;[0m&amp#27;[36m&amp#27;[1m"Valladolid"&amp#27;[0m&amp#27;[36m &amp#27;[0m&amp#27;[36m&amp#27;[1m"Spain"&amp#27;[0m&amp#27;[36m &amp#27;[0m&amp#27;[36m&amp#27;[1m"Valladolid"&amp#27;[0m&amp#27;[36m for the new billing address&amp#27;[0m &amp#27;[90m# com.hiberusuniversity.openCart.stepdefs.CheckoutSteps.theUserIntroducesHisInfoForTheNewBillingAddress(java.lang.String,java.lang.String,java.lang.String,java.lang.String,java.lang.String,java.lang.String,java.lang.String,java.lang.String)&amp#27;[0m
  &amp#27;[36mAnd &amp#27;[0m&amp#27;[36mthe user select the delivery method&amp#27;[0m                                                                                                                          &amp#27;[90m# com.hiberusuniversity.openCart.stepdefs.CheckoutSteps.theUserSelectTheDeliveryMethod()&amp#27;[0m
  &amp#27;[36mAnd &amp#27;[0m&amp#27;[36mthe user select the payment method&amp#27;[0m                                                                                                                           &amp#27;[90m# com.hiberusuniversity.openCart.stepdefs.CheckoutSteps.theUserSelectThePaymentMethod()&amp#27;[0m
  &amp#27;[36mWhen &amp#27;[0m&amp#27;[36mthe user confirms the order&amp#27;[0m                                                                                                                                 &amp#27;[90m# com.hiberusuniversity.openCart.stepdefs.CheckoutSteps.theUserConfirmsTheOrder()&amp#27;[0m
  &amp#27;[36mThen &amp#27;[0m&amp#27;[36mThe user get redirected to a page with a message that his order was successful &amp#27;[0m&amp#27;[36m&amp#27;[1m"http://opencart.abstracta.us/index.php?route=checkout/success"&amp#27;[0m              &amp#27;[90m# com.hiberusuniversity.openCart.stepdefs.CheckoutSteps.theUserGetRedirectedToAPageWithAMessageThatHisOrderWasSuccessful(java.lang.String)&amp#27;[0m

    Embedding screenshot_1]]></system-out>
    <system-err><![CDATA[[main] INFO com.hiberusuniversity.openCart.support.Hooks - starting the user buys two products as a guest
[main] INFO io.github.bonigarcia.wdm.WebDriverManager - Reading https://api.github.com/repos/mozilla/geckodriver/releases to seek geckodriver
[main] INFO io.github.bonigarcia.wdm.WebDriverManager - Exporting webdriver.gecko.driver as C:\Users\pue\.cache\selenium\geckodriver\win32\0.31.0\geckodriver.exe
1654710093238	geckodriver	INFO	Listening on 127.0.0.1:20126
1654710093750	mozrunner::runner	INFO	Running command: "C:\\Program Files\\Mozilla Firefox\\firefox.exe" "--marionette" "-no-remote" "-profile" "C:\\Users\\pue\\AppData\\Local\\Temp\\rust_mozprofilecX4iJa"
1654710094337	Marionette	INFO	Marionette enabled
console.warn: SearchSettings: "get: No settings file exists, new profile?" (new NotFoundError("Could not open the file at C:\\Users\\pue\\AppData\\Local\\Temp\\rust_mozprofilecX4iJa\\search.json.mozlz4", (void 0)))
1654710096180	Marionette	INFO	Listening on port 53640
Read port: 53640
1654710096326	RemoteAgent	WARN	TLS certificate errors will be ignored for this session
jun 08, 2022 7:41:36 PM org.openqa.selenium.remote.ProtocolHandshake createSession
INFORMACIÓN: Detected dialect: W3C
[main] INFO com.hiberusuniversity.openCart.stepdefs.CartSteps - The user is on the login page
1654710099996	Marionette	WARN	TimedPromise timed out after 500 ms: stacktrace:
TimedPromise/<@chrome://remote/content/marionette/sync.js:235:19
TimedPromise@chrome://remote/content/marionette/sync.js:220:10
interaction.flushEventLoop@chrome://remote/content/marionette/interaction.js:431:10
webdriverClickElement@chrome://remote/content/marionette/interaction.js:179:31
[main] INFO com.hiberusuniversity.openCart.support.Hooks - ending the user buys two products as a guest
1654710101602	Marionette	INFO	Stopped listening on port 53640

###!!! [Parent][PImageBridgeParent] Error: RunMessage(msgname=PImageBridge::Msg_WillClose) Channel closing: too late to send/recv, messages will be lost

]]></system-err>
  </testcase>
  <testcase name="the user logs into the page" classname="login test suite" time="9.229"/>
  <testcase name="the user failed to log into the page" classname="login test suite" time="9.359"/>
  <testcase name="the user is redirected to the register from te login" classname="login test suite" time="8.347"/>
  <testcase name="the user is redirected to the register from te login using the lateral menu" classname="login test suite" time="8.201"/>
  <testcase name="the user is redirected to the password recovery page using the section under the login" classname="login test suite" time="8.171"/>
  <testcase name="the user registers into the page" classname="register test suite" time="14.016"/>
  <testcase name="the user registers into the page with already used email" classname="register test suite" time="13.031"/>
  <testcase name="the user cant register because he left the email field empty" classname="register test suite" time="13.016"/>
  <testcase name="the user cant register because he left the privacy policy uncheck" classname="register test suite" time="12.515"/>
</testsuite>