<?xml version="1.0" encoding="UTF-8"?>
<testsuite xmlns:xsi="http://www.w3.org/2001/XMLSchema-instance" xsi:noNamespaceSchemaLocation="https://maven.apache.org/surefire/maven-surefire-plugin/xsd/surefire-test-report.xsd" name="com.pfopencart.runner.CucumberRunnerTest" time="36.403" tests="6" errors="0" skipped="0" failures="0">
  <properties>
[...]
</properties>
  <testcase name="Verify valid user" classname="Login test suite" time="7.196"/>
  <testcase name="Verify invalid user (incorrect mail)" classname="Login test suite" time="6.218"/>
  <testcase name="Verify invalid user (incorrect password)" classname="Login test suite" time="6.235"/>
  <testcase name="Check the logout" classname="Logout test suite" time="6.856"/>
  <testcase name="Verify valid user can register" classname="Register test suite" time="4.422"/>
  <testcase name="Verify valid user can NOT register (long lastname)" classname="Register test suite" time="4.585"/>
</testsuite>