<?xml version="1.0" encoding="UTF-8"?>
<testsuite xmlns:xsi="http://www.w3.org/2001/XMLSchema-instance" xsi:noNamespaceSchemaLocation="https://maven.apache.org/surefire/maven-surefire-plugin/xsd/surefire-test-report.xsd" name="com.practicafinal.runner.CucumberRunnerTest" time="126.176" tests="9" errors="3" skipped="0" failures="1">
  <properties>
[...]
</properties>
  <testcase name="Add a items into the sopping cart" classname="Validate shopping cart test suite" time="14.393"/>
  <testcase name="Delete a single item in the shopping cart" classname="Validate shopping cart test suite" time="14.982"/>
  <testcase name="validate checkout success" classname="Validate checkout test suite" time="13.079">
    <error message="Element &lt;input id=&quot;input-email&quot; class=&quot;form-control&quot; name=&quot;email&quot; type=&quot;text&quot;&gt; could not be scrolled into view&#10;Build info: version: &apos;3.141.59&apos;, revision: &apos;e82be7d358&apos;, time: &apos;2018-11-14T08:17:03&apos;&#10;System info: host: &apos;DESKTOP-I6VLM93&apos;, ip: &apos;172.16.4.5&apos;, os.name: &apos;Windows 10&apos;, os.arch: &apos;x86&apos;, os.version: &apos;10.0&apos;, java.version: &apos;1.8.0_321&apos;&#10;Driver info: org.openqa.selenium.firefox.FirefoxDriver&#10;Capabilities {acceptInsecureCerts: true, browserName: firefox, browserVersion: 98.0.1, javascriptEnabled: true, moz:accessibilityChecks: false, moz:buildID: 20220313140707, moz:geckodriverVersion: 0.31.0, moz:headless: false, moz:processID: 9584, moz:profile: C:\Users\pue\AppData\Local\..., moz:shutdownTimeout: 60000, moz:useNonSpecCompliantPointerOrigin: false, moz:webdriverClick: true, pageLoadStrategy: normal, platform: WINDOWS, platformName: WINDOWS, platformVersion: 10.0, proxy: Proxy(), setWindowRect: true, strictFileInteractability: false, timeouts: {implicit: 0, pageLoad: 300000, script: 30000}, unhandledPromptBehavior: dismiss and notify}&#10;Session ID: ebc3c1ad-530d-439e-b55f-040d8b4d41c7" type="org.openqa.selenium.ElementNotInteractableException"><![CDATA[org.openqa.selenium.ElementNotInteractableException: 
Element <input id="input-email" class="form-control" name="email" type="text"> could not be scrolled into view
Build info: version: '3.141.59', revision: 'e82be7d358', time: '2018-11-14T08:17:03'
System info: host: 'DESKTOP-I6VLM93', ip: '172.16.4.5', os.name: 'Windows 10', os.arch: 'x86', os.version: '10.0', java.version: '1.8.0_321'
Driver info: org.openqa.selenium.firefox.FirefoxDriver
Capabilities {acceptInsecureCerts: true, browserName: firefox, browserVersion: 98.0.1, javascriptEnabled: true, moz:accessibilityChecks: false, moz:buildID: 20220313140707, moz:geckodriverVersion: 0.31.0, moz:headless: false, moz:processID: 9584, moz:profile: C:\Users\pue\AppData\Local\..., moz:shutdownTimeout: 60000, moz:useNonSpecCompliantPointerOrigin: false, moz:webdriverClick: true, pageLoadStrategy: normal, platform: WINDOWS, platformName: WINDOWS, platformVersion: 10.0, proxy: Proxy(), setWindowRect: true, strictFileInteractability: false, timeouts: {implicit: 0, pageLoad: 300000, script: 30000}, unhandledPromptBehavior: dismiss and notify}
Session ID: ebc3c1ad-530d-439e-b55f-040d8b4d41c7
]]></error>
    <system-err><![CDATA[[main] INFO com.practicafinal.support.Hooks - starting validate checkout success
[main] INFO io.github.bonigarcia.wdm.WebDriverManager - Reading https://api.github.com/repos/mozilla/geckodriver/releases to seek geckodriver
[main] INFO io.github.bonigarcia.wdm.WebDriverManager - Exporting webdriver.gecko.driver as C:\Users\pue\.cache\selenium\geckodriver\win32\0.31.0\geckodriver.exe
1654786312439	geckodriver	INFO	Listening on 127.0.0.1:44212
1654786312935	mozrunner::runner	INFO	Running command: "C:\\Program Files\\Mozilla Firefox\\firefox.exe" "--marionette" "-no-remote" "-profile" "C:\\Users\\pue\\AppData\\Local\\Temp\\rust_mozprofileU5F7pd"
1654786313544	Marionette	INFO	Marionette enabled
console.warn: SearchSettings: "get: No settings file exists, new profile?" (new NotFoundError("Could not open the file at C:\\Users\\pue\\AppData\\Local\\Temp\\rust_mozprofileU5F7pd\\search.json.mozlz4", (void 0)))
1654786315377	Marionette	INFO	Listening on port 52056
Read port: 52056
1654786315465	RemoteAgent	WARN	TLS certificate errors will be ignored for this session
jun 09, 2022 4:51:55 PM org.openqa.selenium.remote.ProtocolHandshake createSession
INFORMACIÓN: Detected dialect: W3C
1654786318110	Marionette	WARN	TimedPromise timed out after 500 ms: stacktrace:
TimedPromise/<@chrome://remote/content/marionette/sync.js:235:19
TimedPromise@chrome://remote/content/marionette/sync.js:220:10
interaction.flushEventLoop@chrome://remote/content/marionette/interaction.js:431:10
webdriverClickElement@chrome://remote/content/marionette/interaction.js:179:31
1654786321481	Marionette	WARN	TimedPromise timed out after 500 ms: stacktrace:
TimedPromise/<@chrome://remote/content/marionette/sync.js:235:19
TimedPromise@chrome://remote/content/marionette/sync.js:220:10
interaction.flushEventLoop@chrome://remote/content/marionette/interaction.js:431:10
webdriverClickElement@chrome://remote/content/marionette/interaction.js:179:31
[main] INFO com.practicafinal.support.Hooks - ending validate checkout success
1654786323323	Marionette	INFO	Stopped listening on port 52056

###!!! [Parent][PImageBridgeParent] Error: RunMessage(msgname=PImageBridge::Msg_WillClose) Channel closing: too late to send/recv, messages will be lost

]]></system-err>
  </testcase>
  <testcase name="validate checkout success with saved data" classname="Validate checkout test suite" time="12.515">
    <error message="Element &lt;input id=&quot;input-email&quot; class=&quot;form-control&quot; name=&quot;email&quot; type=&quot;text&quot;&gt; could not be scrolled into view&#10;Build info: version: &apos;3.141.59&apos;, revision: &apos;e82be7d358&apos;, time: &apos;2018-11-14T08:17:03&apos;&#10;System info: host: &apos;DESKTOP-I6VLM93&apos;, ip: &apos;172.16.4.5&apos;, os.name: &apos;Windows 10&apos;, os.arch: &apos;x86&apos;, os.version: &apos;10.0&apos;, java.version: &apos;1.8.0_321&apos;&#10;Driver info: org.openqa.selenium.firefox.FirefoxDriver&#10;Capabilities {acceptInsecureCerts: true, browserName: firefox, browserVersion: 98.0.1, javascriptEnabled: true, moz:accessibilityChecks: false, moz:buildID: 20220313140707, moz:geckodriverVersion: 0.31.0, moz:headless: false, moz:processID: 12136, moz:profile: C:\Users\pue\AppData\Local\..., moz:shutdownTimeout: 60000, moz:useNonSpecCompliantPointerOrigin: false, moz:webdriverClick: true, pageLoadStrategy: normal, platform: WINDOWS, platformName: WINDOWS, platformVersion: 10.0, proxy: Proxy(), setWindowRect: true, strictFileInteractability: false, timeouts: {implicit: 0, pageLoad: 300000, script: 30000}, unhandledPromptBehavior: dismiss and notify}&#10;Session ID: 3427d699-fc59-4ebd-b365-708c94c707b8" type="org.openqa.selenium.ElementNotInteractableException"><![CDATA[org.openqa.selenium.ElementNotInteractableException: 
Element <input id="input-email" class="form-control" name="email" type="text"> could not be scrolled into view
Build info: version: '3.141.59', revision: 'e82be7d358', time: '2018-11-14T08:17:03'
System info: host: 'DESKTOP-I6VLM93', ip: '172.16.4.5', os.name: 'Windows 10', os.arch: 'x86', os.version: '10.0', java.version: '1.8.0_321'
Driver info: org.openqa.selenium.firefox.FirefoxDriver
Capabilities {acceptInsecureCerts: true, browserName: firefox, browserVersion: 98.0.1, javascriptEnabled: true, moz:accessibilityChecks: false, moz:buildID: 20220313140707, moz:geckodriverVersion: 0.31.0, moz:headless: false, moz:processID: 12136, moz:profile: C:\Users\pue\AppData\Local\..., moz:shutdownTimeout: 60000, moz:useNonSpecCompliantPointerOrigin: false, moz:webdriverClick: true, pageLoadStrategy: normal, platform: WINDOWS, platformName: WINDOWS, platformVersion: 10.0, proxy: Proxy(), setWindowRect: true, strictFileInteractability: false, timeouts: {implicit: 0, pageLoad: 300000, script: 30000}, unhandledPromptBehavior: dismiss and notify}
Session ID: 3427d699-fc59-4ebd-b365-708c94c707b8
]]></error>
    <system-out><![CDATA[
@cart @testcase05 @smoke
Scenario: Add a items into the sopping cart         &amp#27;[90m# src/test/resources/cart.feature:9&amp#27;[0m
  &amp#27;[32mGiven &amp#27;[0m&amp#27;[32mthe user is on the home page&amp#27;[0m                &amp#27;[90m# com.practicafinal.stepdefs.HomePageSteps.theUserIsOnTheHomePage()&amp#27;[0m
  &amp#27;[32mAnd &amp#27;[0m&amp#27;[32mthe user adds items to the cart&amp#27;[0m               &amp#27;[90m# com.practicafinal.stepdefs.CartPageSteps.theUserAddsItemsToTheCart()&amp#27;[0m
  &amp#27;[32mAnd &amp#27;[0m&amp#27;[32mthe user clicks on the shopping cart button&amp#27;[0m   &amp#27;[90m# com.practicafinal.stepdefs.CartPageSteps.theUserClicksOnTheShoppingCartButton()&amp#27;[0m
  &amp#27;[32mThen &amp#27;[0m&amp#27;[32mthere should be &amp#27;[0m&amp#27;[32m&amp#27;[1m2&amp#27;[0m&amp#27;[32m items in the shopping cart&amp#27;[0m &amp#27;[90m# com.practicafinal.stepdefs.CartPageSteps.thereShouldBeItemsInTheShoppingCart(int)&amp#27;[0m

@cart @testcase06
Scenario: Delete a single item in the shopping cart &amp#27;[90m# src/test/resources/cart.feature:16&amp#27;[0m
  &amp#27;[32mGiven &amp#27;[0m&amp#27;[32mthe user is on the home page&amp#27;[0m                &amp#27;[90m# com.practicafinal.stepdefs.HomePageSteps.theUserIsOnTheHomePage()&amp#27;[0m
  &amp#27;[32mAnd &amp#27;[0m&amp#27;[32mthe user adds &amp#27;[0m&amp#27;[32m&amp#27;[1m2&amp#27;[0m&amp#27;[32m items into the shopping cart&amp#27;[0m  &amp#27;[90m# com.practicafinal.stepdefs.CartPageSteps.theUserAddsItemsIntoTheSoppingCart(int)&amp#27;[0m
  &amp#27;[32mAnd &amp#27;[0m&amp#27;[32mthe user clicks on the shopping cart button&amp#27;[0m   &amp#27;[90m# com.practicafinal.stepdefs.CartPageSteps.theUserClicksOnTheShoppingCartButton()&amp#27;[0m
  &amp#27;[32mWhen &amp#27;[0m&amp#27;[32mthe user deletes an item from shopping cart&amp#27;[0m  &amp#27;[90m# com.practicafinal.stepdefs.CartPageSteps.theUserDeletesAnItemFromShoppingCart()&amp#27;[0m
  &amp#27;[32mThen &amp#27;[0m&amp#27;[32mthere should be &amp#27;[0m&amp#27;[32m&amp#27;[1m1&amp#27;[0m&amp#27;[32m items in the shopping cart&amp#27;[0m &amp#27;[90m# com.practicafinal.stepdefs.CartPageSteps.thereShouldBeItemsInTheShoppingCart(int)&amp#27;[0m

@checkout @testcase07 @smoke
Scenario Outline: validate checkout success                                                                             &amp#27;[90m# src/test/resources/checkout.feature:35&amp#27;[0m
  &amp#27;[32mGiven &amp#27;[0m&amp#27;[32mthe user is on the home page&amp#27;[0m                                                                                    &amp#27;[90m# com.practicafinal.stepdefs.HomePageSteps.theUserIsOnTheHomePage()&amp#27;[0m
  &amp#27;[32mAnd &amp#27;[0m&amp#27;[32mthe user adds items to the cart&amp#27;[0m                                                                                   &amp#27;[90m# com.practicafinal.stepdefs.CartPageSteps.theUserAddsItemsToTheCart()&amp#27;[0m
  &amp#27;[32mAnd &amp#27;[0m&amp#27;[32mthe user clicks on checkout button&amp#27;[0m                                                                                &amp#27;[90m# com.practicafinal.stepdefs.CheckoutPageSteps.theUserClicksOnCheckoutButton()&amp#27;[0m
  &amp#27;[31mAnd &amp#27;[0m&amp#27;[31mthe user provides the username &amp#27;[0m&amp#27;[31m&amp#27;[1m"jajaja@yopmail.com"&amp#27;[0m&amp#27;[31m and password &amp#27;[0m&amp#27;[31m&amp#27;[1m"Hola1234#"&amp#27;[0m                                      &amp#27;[90m# com.practicafinal.stepdefs.LoginPageSteps.theUserProvidesTheUsernameAndPassword(java.lang.String,java.lang.String)&amp#27;[0m
      &amp#27;[31morg.openqa.selenium.ElementNotInteractableException: Element <input id="input-email" class="form-control" name="email" type="text"> could not be scrolled into view
Build info: version: '3.141.59', revision: 'e82be7d358', time: '2018-11-14T08:17:03'
System info: host: 'DESKTOP-I6VLM93', ip: '172.16.4.5', os.name: 'Windows 10', os.arch: 'x86', os.version: '10.0', java.version: '1.8.0_321'
Driver info: org.openqa.selenium.firefox.FirefoxDriver
Capabilities {acceptInsecureCerts: true, browserName: firefox, browserVersion: 98.0.1, javascriptEnabled: true, moz:accessibilityChecks: false, moz:buildID: 20220313140707, moz:geckodriverVersion: 0.31.0, moz:headless: false, moz:processID: 9584, moz:profile: C:\Users\pue\AppData\Local\..., moz:shutdownTimeout: 60000, moz:useNonSpecCompliantPointerOrigin: false, moz:webdriverClick: true, pageLoadStrategy: normal, platform: WINDOWS, platformName: WINDOWS, platformVersion: 10.0, proxy: Proxy(), setWindowRect: true, strictFileInteractability: false, timeouts: {implicit: 0, pageLoad: 300000, script: 30000}, unhandledPromptBehavior: dismiss and notify}
Session ID: ebc3c1ad-530d-439e-b55f-040d8b4d41c7
	at sun.reflect.NativeConstructorAccessorImpl.newInstance0(Native Method)
	at sun.reflect.NativeConstructorAccessorImpl.newInstance(NativeConstructorAccessorImpl.java:62)
	at sun.reflect.DelegatingConstructorAccessorImpl.newInstance(DelegatingConstructorAccessorImpl.java:45)
	at java.lang.reflect.Constructor.newInstance(Constructor.java:423)
	at org.openqa.selenium.remote.http.W3CHttpResponseCodec.createException(W3CHttpResponseCodec.java:187)
	at org.openqa.selenium.remote.http.W3CHttpResponseCodec.decode(W3CHttpResponseCodec.java:122)
	at org.openqa.selenium.remote.http.W3CHttpResponseCodec.decode(W3CHttpResponseCodec.java:49)
	at org.openqa.selenium.remote.HttpCommandExecutor.execute(HttpCommandExecutor.java:158)
	at org.openqa.selenium.remote.service.DriverCommandExecutor.execute(DriverCommandExecutor.java:83)
	at org.openqa.selenium.remote.RemoteWebDriver.execute(RemoteWebDriver.java:552)
	at org.openqa.selenium.remote.RemoteWebElement.execute(RemoteWebElement.java:285)
	at org.openqa.selenium.remote.RemoteWebElement.click(RemoteWebElement.java:84)
	at sun.reflect.NativeMethodAccessorImpl.invoke0(Native Method)
	at sun.reflect.NativeMethodAccessorImpl.invoke(NativeMethodAccessorImpl.java:62)
	at sun.reflect.DelegatingMethodAccessorImpl.invoke(DelegatingMethodAccessorImpl.java:43)
	at java.lang.reflect.Method.invoke(Method.java:498)
	at org.openqa.selenium.support.pagefactory.internal.LocatingElementHandler.invoke(LocatingElementHandler.java:51)
	at com.sun.proxy.$Proxy20.click(Unknown Source)
	at com.practicafinal.pages.LoginPage.fillLoginForm(LoginPage.java:48)
	at com.practicafinal.stepdefs.LoginPageSteps.theUserProvidesTheUsernameAndPassword(LoginPageSteps.java:21)
	at âœ½.the user provides the username "jajaja@yopmail.com" and password "Hola1234#"(file:///C:/proyects/PracticaFinal/src/test/resources/checkout.feature:12)
&amp#27;[0m
  &amp#27;[36mAnd &amp#27;[0m&amp#27;[36mthe user clicks the login button to checkout&amp#27;[0m                                                                      &amp#27;[90m# com.practicafinal.stepdefs.CheckoutPageSteps.theUserClicksTheLoginButtonToCheckout()&amp#27;[0m
  &amp#27;[36mAnd &amp#27;[0m&amp#27;[36mthe user selects add new data&amp#27;[0m                                                                                     &amp#27;[90m# com.practicafinal.stepdefs.CheckoutPageSteps.theUserSelectsAddNewData()&amp#27;[0m
  &amp#27;[36mAnd &amp#27;[0m&amp#27;[36mthe user fills the form&amp#27;[0m                                                                                           &amp#27;[90m# com.practicafinal.stepdefs.CheckoutPageSteps.theUserFillsTheForm(io.cucumber.datatable.DataTable)&amp#27;[0m
    | Javier            |
    | Cuadrado          |
    | -                 |
    | Plaza Mayor n3 5K |
    | -                 |
    | Medina del Campo  |
    | 47400             |
  &amp#27;[36mAnd &amp#27;[0m&amp#27;[36mthe user fills the form again&amp#27;[0m                                                                                     &amp#27;[90m# com.practicafinal.stepdefs.CheckoutPageSteps.theUserFillsTheFormAgain(io.cucumber.datatable.DataTable)&amp#27;[0m
    | Javier            |
    | Cuadrado          |
    | -                 |
    | Plaza Mayor n3 5K |
    | -                 |
    | Medina del Campo  |
    | 47400             |
  &amp#27;[36mWhen &amp#27;[0m&amp#27;[36mthe user clicks continue on the methods and confirm the order&amp#27;[0m                                                    &amp#27;[90m# com.practicafinal.stepdefs.CheckoutPageSteps.theUserClicksContinueOnTheMethodsAndConfirmTheOrder()&amp#27;[0m
  &amp#27;[36mThen &amp#27;[0m&amp#27;[36mthe order is completed correctly and redirect to &amp#27;[0m&amp#27;[36m&amp#27;[1m"http://opencart.abstracta.us/index.php?route=checkout/success"&amp#27;[0m &amp#27;[90m# com.practicafinal.stepdefs.CheckoutPageSteps.theOrderIsCompletedCorrectlyAndRedirectTo(java.lang.String)&amp#27;[0m

    Embedding screenshot_1654786323297.png [image/png 64237 bytes]


@checkout @testcase08
Scenario Outline: validate checkout success with saved data                                                             &amp#27;[90m# src/test/resources/checkout.feature:47&amp#27;[0m
  &amp#27;[32mGiven &amp#27;[0m&amp#27;[32mthe user is on the home page&amp#27;[0m                                                                                    &amp#27;[90m# com.practicafinal.stepde]]></system-out>
    <system-err><![CDATA[[main] INFO com.practicafinal.support.Hooks - starting validate checkout success with saved data
[main] INFO io.github.bonigarcia.wdm.WebDriverManager - Reading https://api.github.com/repos/mozilla/geckodriver/releases to seek geckodriver
[main] INFO io.github.bonigarcia.wdm.WebDriverManager - Exporting webdriver.gecko.driver as C:\Users\pue\.cache\selenium\geckodriver\win32\0.31.0\geckodriver.exe
1654786325443	geckodriver	INFO	Listening on 127.0.0.1:36700
1654786325929	mozrunner::runner	INFO	Running command: "C:\\Program Files\\Mozilla Firefox\\firefox.exe" "--marionette" "-no-remote" "-profile" "C:\\Users\\pue\\AppData\\Local\\Temp\\rust_mozprofileTECqmZ"
1654786326497	Marionette	INFO	Marionette enabled
console.warn: SearchSettings: "get: No settings file exists, new profile?" (new NotFoundError("Could not open the file at C:\\Users\\pue\\AppData\\Local\\Temp\\rust_mozprofileTECqmZ\\search.json.mozlz4", (void 0)))
1654786328349	Marionette	INFO	Listening on port 52127
Read port: 52127
1654786328439	RemoteAgent	WARN	TLS certificate errors will be ignored for this session
jun 09, 2022 4:52:08 PM org.openqa.selenium.remote.ProtocolHandshake createSession
INFORMACIÓN: Detected dialect: W3C
1654786330918	Marionette	WARN	TimedPromise timed out after 500 ms: stacktrace:
TimedPromise/<@chrome://remote/content/marionette/sync.js:235:19
TimedPromise@chrome://remote/content/marionette/sync.js:220:10
interaction.flushEventLoop@chrome://remote/content/marionette/interaction.js:431:10
webdriverClickElement@chrome://remote/content/marionette/interaction.js:179:31
1654786334262	Marionette	WARN	TimedPromise timed out after 500 ms: stacktrace:
TimedPromise/<@chrome://remote/content/marionette/sync.js:235:19
TimedPromise@chrome://remote/content/marionette/sync.js:220:10
interaction.flushEventLoop@chrome://remote/content/marionette/interaction.js:431:10
webdriverClickElement@chrome://remote/content/marionette/interaction.js:179:31
[main] INFO com.practicafinal.support.Hooks - ending validate checkout success with saved data
1654786335824	Marionette	INFO	Stopped listening on port 52127

###!!! [Parent][PImageBridgeParent] Error: RunMessage(msgname=PImageBridge::Msg_WillClose) Channel closing: too late to send/recv, messages will be lost

]]></system-err>
  </testcase>
  <testcase name="validate checkout success as guest" classname="Validate checkout test suite" time="13.079">
    <error message="Element &lt;input id=&quot;input-email&quot; class=&quot;form-control&quot; name=&quot;email&quot; type=&quot;text&quot;&gt; could not be scrolled into view&#10;Build info: version: &apos;3.141.59&apos;, revision: &apos;e82be7d358&apos;, time: &apos;2018-11-14T08:17:03&apos;&#10;System info: host: &apos;DESKTOP-I6VLM93&apos;, ip: &apos;172.16.4.5&apos;, os.name: &apos;Windows 10&apos;, os.arch: &apos;x86&apos;, os.version: &apos;10.0&apos;, java.version: &apos;1.8.0_321&apos;&#10;Driver info: org.openqa.selenium.firefox.FirefoxDriver&#10;Capabilities {acceptInsecureCerts: true, browserName: firefox, browserVersion: 98.0.1, javascriptEnabled: true, moz:accessibilityChecks: false, moz:buildID: 20220313140707, moz:geckodriverVersion: 0.31.0, moz:headless: false, moz:processID: 1164, moz:profile: C:\Users\pue\AppData\Local\..., moz:shutdownTimeout: 60000, moz:useNonSpecCompliantPointerOrigin: false, moz:webdriverClick: true, pageLoadStrategy: normal, platform: WINDOWS, platformName: WINDOWS, platformVersion: 10.0, proxy: Proxy(), setWindowRect: true, strictFileInteractability: false, timeouts: {implicit: 0, pageLoad: 300000, script: 30000}, unhandledPromptBehavior: dismiss and notify}&#10;Session ID: 178cea15-8170-409e-aa63-b57ce741999c" type="org.openqa.selenium.ElementNotInteractableException"><![CDATA[org.openqa.selenium.ElementNotInteractableException: 
Element <input id="input-email" class="form-control" name="email" type="text"> could not be scrolled into view
Build info: version: '3.141.59', revision: 'e82be7d358', time: '2018-11-14T08:17:03'
System info: host: 'DESKTOP-I6VLM93', ip: '172.16.4.5', os.name: 'Windows 10', os.arch: 'x86', os.version: '10.0', java.version: '1.8.0_321'
Driver info: org.openqa.selenium.firefox.FirefoxDriver
Capabilities {acceptInsecureCerts: true, browserName: firefox, browserVersion: 98.0.1, javascriptEnabled: true, moz:accessibilityChecks: false, moz:buildID: 20220313140707, moz:geckodriverVersion: 0.31.0, moz:headless: false, moz:processID: 1164, moz:profile: C:\Users\pue\AppData\Local\..., moz:shutdownTimeout: 60000, moz:useNonSpecCompliantPointerOrigin: false, moz:webdriverClick: true, pageLoadStrategy: normal, platform: WINDOWS, platformName: WINDOWS, platformVersion: 10.0, proxy: Proxy(), setWindowRect: true, strictFileInteractability: false, timeouts: {implicit: 0, pageLoad: 300000, script: 30000}, unhandledPromptBehavior: dismiss and notify}
Session ID: 178cea15-8170-409e-aa63-b57ce741999c
]]></error>
    <system-out><![CDATA[fs.HomePageSteps.theUserIsOnTheHomePage()&amp#27;[0m
  &amp#27;[32mAnd &amp#27;[0m&amp#27;[32mthe user adds items to the cart&amp#27;[0m                                                                                   &amp#27;[90m# com.practicafinal.stepdefs.CartPageSteps.theUserAddsItemsToTheCart()&amp#27;[0m
  &amp#27;[32mAnd &amp#27;[0m&amp#27;[32mthe user clicks on checkout button&amp#27;[0m                                                                                &amp#27;[90m# com.practicafinal.stepdefs.CheckoutPageSteps.theUserClicksOnCheckoutButton()&amp#27;[0m
  &amp#27;[31mAnd &amp#27;[0m&amp#27;[31mthe user provides the username &amp#27;[0m&amp#27;[31m&amp#27;[1m"jajaja@yopmail.com"&amp#27;[0m&amp#27;[31m and password &amp#27;[0m&amp#27;[31m&amp#27;[1m"Hola1234#"&amp#27;[0m                                      &amp#27;[90m# com.practicafinal.stepdefs.LoginPageSteps.theUserProvidesTheUsernameAndPassword(java.lang.String,java.lang.String)&amp#27;[0m
      &amp#27;[31morg.openqa.selenium.ElementNotInteractableException: Element <input id="input-email" class="form-control" name="email" type="text"> could not be scrolled into view
Build info: version: '3.141.59', revision: 'e82be7d358', time: '2018-11-14T08:17:03'
System info: host: 'DESKTOP-I6VLM93', ip: '172.16.4.5', os.name: 'Windows 10', os.arch: 'x86', os.version: '10.0', java.version: '1.8.0_321'
Driver info: org.openqa.selenium.firefox.FirefoxDriver
Capabilities {acceptInsecureCerts: true, browserName: firefox, browserVersion: 98.0.1, javascriptEnabled: true, moz:accessibilityChecks: false, moz:buildID: 20220313140707, moz:geckodriverVersion: 0.31.0, moz:headless: false, moz:processID: 12136, moz:profile: C:\Users\pue\AppData\Local\..., moz:shutdownTimeout: 60000, moz:useNonSpecCompliantPointerOrigin: false, moz:webdriverClick: true, pageLoadStrategy: normal, platform: WINDOWS, platformName: WINDOWS, platformVersion: 10.0, proxy: Proxy(), setWindowRect: true, strictFileInteractability: false, timeouts: {implicit: 0, pageLoad: 300000, script: 30000}, unhandledPromptBehavior: dismiss and notify}
Session ID: 3427d699-fc59-4ebd-b365-708c94c707b8
	at sun.reflect.NativeConstructorAccessorImpl.newInstance0(Native Method)
	at sun.reflect.NativeConstructorAccessorImpl.newInstance(NativeConstructorAccessorImpl.java:62)
	at sun.reflect.DelegatingConstructorAccessorImpl.newInstance(DelegatingConstructorAccessorImpl.java:45)
	at java.lang.reflect.Constructor.newInstance(Constructor.java:423)
	at org.openqa.selenium.remote.http.W3CHttpResponseCodec.createException(W3CHttpResponseCodec.java:187)
	at org.openqa.selenium.remote.http.W3CHttpResponseCodec.decode(W3CHttpResponseCodec.java:122)
	at org.openqa.selenium.remote.http.W3CHttpResponseCodec.decode(W3CHttpResponseCodec.java:49)
	at org.openqa.selenium.remote.HttpCommandExecutor.execute(HttpCommandExecutor.java:158)
	at org.openqa.selenium.remote.service.DriverCommandExecutor.execute(DriverCommandExecutor.java:83)
	at org.openqa.selenium.remote.RemoteWebDriver.execute(RemoteWebDriver.java:552)
	at org.openqa.selenium.remote.RemoteWebElement.execute(RemoteWebElement.java:285)
	at org.openqa.selenium.remote.RemoteWebElement.click(RemoteWebElement.java:84)
	at sun.reflect.NativeMethodAccessorImpl.invoke0(Native Method)
	at sun.reflect.NativeMethodAccessorImpl.invoke(NativeMethodAccessorImpl.java:62)
	at sun.reflect.DelegatingMethodAccessorImpl.invoke(DelegatingMethodAccessorImpl.java:43)
	at java.lang.reflect.Method.invoke(Method.java:498)
	at org.openqa.selenium.support.pagefactory.internal.LocatingElementHandler.invoke(LocatingElementHandler.java:51)
	at com.sun.proxy.$Proxy20.click(Unknown Source)
	at com.practicafinal.pages.LoginPage.fillLoginForm(LoginPage.java:48)
	at com.practicafinal.stepdefs.LoginPageSteps.theUserProvidesTheUsernameAndPassword(LoginPageSteps.java:21)
	at âœ½.the user provides the username "jajaja@yopmail.com" and password "Hola1234#"(file:///C:/proyects/PracticaFinal/src/test/resources/checkout.feature:41)
&amp#27;[0m
  &amp#27;[36mAnd &amp#27;[0m&amp#27;[36mthe user clicks the login button to checkout&amp#27;[0m                                                                      &amp#27;[90m# com.practicafinal.stepdefs.CheckoutPageSteps.theUserClicksTheLoginButtonToCheckout()&amp#27;[0m
  &amp#27;[36mWhen &amp#27;[0m&amp#27;[36mthe user clicks on the continue buttons&amp#27;[0m                                                                          &amp#27;[90m# com.practicafinal.stepdefs.CheckoutPageSteps.theUserClicksOnTheContinueButtons()&amp#27;[0m
  &amp#27;[36mThen &amp#27;[0m&amp#27;[36mthe order is completed correctly and redirect to &amp#27;[0m&amp#27;[36m&amp#27;[1m"http://opencart.abstracta.us/index.php?route=checkout/success"&amp#27;[0m &amp#27;[90m# com.practicafinal.stepdefs.CheckoutPageSteps.theOrderIsCompletedCorrectlyAndRedirectTo(java.lang.String)&amp#27;[0m

    Embedding screenshot_1654786335816.png [image/png 64237 bytes]


@checkout @testcase09
Scenario Outline: validate checkout success as guest                                                                    &amp#27;[90m# src/test/resources/checkout.feature:58&amp#27;[0m
  &amp#27;[32mGiven &amp#27;[0m&amp#27;[32mthe user is on the home page&amp#27;[0m                                                                                    &amp#27;[90m# com.practicafinal.stepdefs.HomePageSteps.theUserIsOnTheHomePage()&amp#27;[0m
  &amp#27;[32mAnd &amp#27;[0m&amp#27;[32mthe user adds items to the cart&amp#27;[0m                                                                                   &amp#27;[90m# com.practicafinal.stepdefs.CartPageSteps.theUserAddsItemsToTheCart()&amp#27;[0m
  &amp#27;[32mAnd &amp#27;[0m&amp#27;[32mthe user clicks on checkout button&amp#27;[0m                                                                                &amp#27;[90m# com.practicafinal.stepdefs.CheckoutPageSteps.theUserClicksOnCheckoutButton()&amp#27;[0m
  &amp#27;[31mAnd &amp#27;[0m&amp#27;[31mthe user provides the username &amp#27;[0m&amp#27;[31m&amp#27;[1m"jajaja@yopmail.com"&amp#27;[0m&amp#27;[31m and password &amp#27;[0m&amp#27;[31m&amp#27;[1m"Hola1234#"&amp#27;[0m                                      &amp#27;[90m# com.practicafinal.stepdefs.LoginPageSteps.theUserProvidesTheUsernameAndPassword(java.lang.String,java.lang.String)&amp#27;[0m
      &amp#27;[31morg.openqa.selenium.ElementNotInteractableException: Element <input id="input-email" class="form-control" name="email" type="text"> could not be scrolled into view
Build info: version: '3.141.59', revision: 'e82be7d358', time: '2018-11-14T08:17:03'
System info: host: 'DESKTOP-I6VLM93', ip: '172.16.4.5', os.name: 'Windows 10', os.arch: 'x86', os.version: '10.0', java.version: '1.8.0_321'
Driver info: org.openqa.selenium.firefox.FirefoxDriver
Capabilities {acceptInsecureCerts: true, browserName: firefox, browserVersion: 98.0.1, javascriptEnabled: true, moz:accessibilityChecks: false, moz:buildID: 20220313140707, moz:geckodriverVersion: 0.31.0, moz:headless: false, moz:processID: 1164, moz:profile: C:\Users\pue\AppData\Local\..., moz:shutdownTimeout: 60000, moz:useNonSpecCompliantPointerOrigin: false, moz:webdriverClick: true, pageLoadStrategy: normal, platform: WINDOWS, platformName: WINDOWS, platformVersion: 10.0, proxy: Proxy(), setWindowRect: true, strictFileInteractability: false, timeouts: {implicit: 0, pageLoad: 300000, script: 30000}, unhandledPromptBehavior: dismiss and notify}
Session ID: 178cea15-8170-409e-aa63-b57ce741999c
	at sun.reflect.NativeConstructorAccessorImpl.newInstance0(Native Method)
	at sun.reflect.NativeConstructorAccessorImpl.newInstance(NativeConstructorAccessorImpl.java:62)
	at sun.reflect.DelegatingConstructorAccessorImpl.newInstance(DelegatingConstructorAccessorImpl.java:45)
	at java.lang.reflect.Constructor.newInstance(Constructor.java:423)
	at org.openqa.selenium.remote.http.W3CHttpResponseCodec.createException(W3CHttpResponseCodec.java:187)
	at org.openqa.selenium.remote.http.W3CHttpResponseCodec.decode(W3CHttpResponseCodec.java:122)
	at org.openqa.selenium.remote.http.W3CHttpResponseCodec.decode(W3CHttpResponseCodec.java:49)
	at org.openqa.selenium.remote.HttpCommandExecutor.execute(HttpCommandExecutor.java:158)
	at org.openqa.selenium.remote.service.DriverCommandExecutor.execute(DriverCommandExecutor.java:83)
	at org.openqa.selenium.remote.RemoteWebDriver.execute(RemoteWebDriver.java:552)
	at org.openqa.selenium.remote.RemoteWebElement.execute(RemoteWebElement.java:285)
	at org.openqa.selenium.remote.RemoteWebElement.click(RemoteWebElement.java:84)
	at sun.reflect.NativeMethodAccessorImpl.invoke0(Native Method)
	at sun.reflect.NativeMethodAccessorImpl.invoke(NativeMethodAccessorImpl.java:62)
	at sun.re]]></system-out>
    <system-err><![CDATA[[main] INFO com.practicafinal.support.Hooks - starting validate checkout success as guest
[main] INFO io.github.bonigarcia.wdm.WebDriverManager - Reading https://api.github.com/repos/mozilla/geckodriver/releases to seek geckodriver
[main] INFO io.github.bonigarcia.wdm.WebDriverManager - Exporting webdriver.gecko.driver as C:\Users\pue\.cache\selenium\geckodriver\win32\0.31.0\geckodriver.exe
1654786338052	geckodriver	INFO	Listening on 127.0.0.1:23796
1654786338524	mozrunner::runner	INFO	Running command: "C:\\Program Files\\Mozilla Firefox\\firefox.exe" "--marionette" "-no-remote" "-profile" "C:\\Users\\pue\\AppData\\Local\\Temp\\rust_mozprofileOIHKaI"
1654786339088	Marionette	INFO	Marionette enabled
console.warn: SearchSettings: "get: No settings file exists, new profile?" (new NotFoundError("Could not open the file at C:\\Users\\pue\\AppData\\Local\\Temp\\rust_mozprofileOIHKaI\\search.json.mozlz4", (void 0)))
1654786340918	Marionette	INFO	Listening on port 52203
Read port: 52203
1654786341059	RemoteAgent	WARN	TLS certificate errors will be ignored for this session
jun 09, 2022 4:52:21 PM org.openqa.selenium.remote.ProtocolHandshake createSession
INFORMACIÓN: Detected dialect: W3C
1654786343676	Marionette	WARN	TimedPromise timed out after 500 ms: stacktrace:
TimedPromise/<@chrome://remote/content/marionette/sync.js:235:19
TimedPromise@chrome://remote/content/marionette/sync.js:220:10
interaction.flushEventLoop@chrome://remote/content/marionette/interaction.js:431:10
webdriverClickElement@chrome://remote/content/marionette/interaction.js:179:31
1654786344435	Marionette	WARN	TimedPromise timed out after 500 ms: stacktrace:
TimedPromise/<@chrome://remote/content/marionette/sync.js:235:19
TimedPromise@chrome://remote/content/marionette/sync.js:220:10
interaction.flushEventLoop@chrome://remote/content/marionette/interaction.js:431:10
webdriverClickElement@chrome://remote/content/marionette/interaction.js:179:31
1654786347372	Marionette	WARN	TimedPromise timed out after 500 ms: stacktrace:
TimedPromise/<@chrome://remote/content/marionette/sync.js:235:19
TimedPromise@chrome://remote/content/marionette/sync.js:220:10
interaction.flushEventLoop@chrome://remote/content/marionette/interaction.js:431:10
webdriverClickElement@chrome://remote/content/marionette/interaction.js:179:31
[main] INFO com.practicafinal.support.Hooks - ending validate checkout success as guest
1654786348894	Marionette	INFO	Stopped listening on port 52203
[Parent 1164, IPC I/O Parent] WARNING: file /builds/worker/checkouts/gecko/ipc/chromium/src/base/process_util_win.cc:167

###!!! [Parent][PImageBridgeParent] Error: RunMessage(msgname=PImageBridge::Msg_WillClose) Channel closing: too late to send/recv, messages will be lost

]]></system-err>
  </testcase>
  <testcase name="Verify valid user can login" classname="validate login test suite" time="11.875"/>
  <testcase name="Verify invalid user cannot login" classname="validate login test suite" time="12.204"/>
  <testcase name="Verify user can register" classname="validate register test suite" time="16.578">
    <failure message="the url is not the same expected:&lt;http[://opencart.abstracta.us/index.php?route=account/success]&gt; but was:&lt;http[s://opencart.abstracta.us/index.php?route=account/register]&gt;" type="org.junit.ComparisonFailure"><![CDATA[org.junit.ComparisonFailure: the url is not the same expected:<http[://opencart.abstracta.us/index.php?route=account/success]> but was:<http[s://opencart.abstracta.us/index.php?route=account/register]>
]]></failure>
    <system-err><![CDATA[[main] INFO com.practicafinal.support.Hooks - starting Verify user can register
[main] INFO io.github.bonigarcia.wdm.WebDriverManager - Reading https://api.github.com/repos/mozilla/geckodriver/releases to seek geckodriver
[main] INFO io.github.bonigarcia.wdm.WebDriverManager - Exporting webdriver.gecko.driver as C:\Users\pue\.cache\selenium\geckodriver\win32\0.31.0\geckodriver.exe
1654786375209	geckodriver	INFO	Listening on 127.0.0.1:31389
1654786375692	mozrunner::runner	INFO	Running command: "C:\\Program Files\\Mozilla Firefox\\firefox.exe" "--marionette" "-no-remote" "-profile" "C:\\Users\\pue\\AppData\\Local\\Temp\\rust_mozprofileKpMIII"
1654786376199	Marionette	INFO	Marionette enabled
console.warn: SearchSettings: "get: No settings file exists, new profile?" (new NotFoundError("Could not open the file at C:\\Users\\pue\\AppData\\Local\\Temp\\rust_mozprofileKpMIII\\search.json.mozlz4", (void 0)))
1654786378047	Marionette	INFO	Listening on port 52426
Read port: 52426
1654786378139	RemoteAgent	WARN	TLS certificate errors will be ignored for this session
jun 09, 2022 4:52:58 PM org.openqa.selenium.remote.ProtocolHandshake createSession
INFORMACIÓN: Detected dialect: W3C
1654786380781	Marionette	WARN	TimedPromise timed out after 500 ms: stacktrace:
TimedPromise/<@chrome://remote/content/marionette/sync.js:235:19
TimedPromise@chrome://remote/content/marionette/sync.js:220:10
interaction.flushEventLoop@chrome://remote/content/marionette/interaction.js:431:10
webdriverClickElement@chrome://remote/content/marionette/interaction.js:179:31
1654786381717	Marionette	WARN	TimedPromise timed out after 500 ms: stacktrace:
TimedPromise/<@chrome://remote/content/marionette/sync.js:235:19
TimedPromise@chrome://remote/content/marionette/sync.js:220:10
interaction.flushEventLoop@chrome://remote/content/marionette/interaction.js:431:10
webdriverClickElement@chrome://remote/content/marionette/interaction.js:179:31
1654786384004	Marionette	WARN	TimedPromise timed out after 500 ms: stacktrace:
TimedPromise/<@chrome://remote/content/marionette/sync.js:235:19
TimedPromise@chrome://remote/content/marionette/sync.js:220:10
interaction.flushEventLoop@chrome://remote/content/marionette/interaction.js:431:10
webdriverClickElement@chrome://remote/content/marionette/interaction.js:179:31
1654786385298	Marionette	WARN	TimedPromise timed out after 500 ms: stacktrace:
TimedPromise/<@chrome://remote/content/marionette/sync.js:235:19
TimedPromise@chrome://remote/content/marionette/sync.js:220:10
interaction.flushEventLoop@chrome://remote/content/marionette/interaction.js:431:10
webdriverClickElement@chrome://remote/content/marionette/interaction.js:179:31
1654786386622	Marionette	WARN	TimedPromise timed out after 500 ms: stacktrace:
TimedPromise/<@chrome://remote/content/marionette/sync.js:235:19
TimedPromise@chrome://remote/content/marionette/sync.js:220:10
interaction.flushEventLoop@chrome://remote/content/marionette/interaction.js:431:10
webdriverClickElement@chrome://remote/content/marionette/interaction.js:179:31
1654786387932	Marionette	WARN	TimedPromise timed out after 500 ms: stacktrace:
TimedPromise/<@chrome://remote/content/marionette/sync.js:235:19
TimedPromise@chrome://remote/content/marionette/sync.js:220:10
interaction.flushEventLoop@chrome://remote/content/marionette/interaction.js:431:10
webdriverClickElement@chrome://remote/content/marionette/interaction.js:179:31
console.warn: LoginRecipes: "getRecipes: falling back to a synchronous message for:" "https://opencart.abstracta.us"
console.warn: LoginRecipes: "getRecipes: falling back to a synchronous message for:" "https://opencart.abstracta.us"
JavaScript error: resource://gre/modules/LoginManagerParent.jsm, line 136: TypeError: gRecipeManager is null
[main] INFO com.practicafinal.support.Hooks - ending Verify user can register
1654786389476	Marionette	INFO	Stopped listening on port 52426
]]></system-err>
  </testcase>
  <testcase name="Verify invalid registration" classname="validate register test suite" time="15.813"/>
</testsuite>